[35m[1mScanning dependencies of target std_msgs_generate_messages_cpp[0m
[35m[1mScanning dependencies of target _roscpp_tutorials_generate_messages_check_deps_TwoInts[0m
[  0%] Built target std_msgs_generate_messages_cpp
[  0%] Built target _roscpp_tutorials_generate_messages_check_deps_TwoInts
[35m[1mScanning dependencies of target time_api_sleep[0m
[  2%] [32mBuilding CXX object CMakeFiles/time_api_sleep.dir/time_api/sleep/sleep.cpp.o[0m
[35m[1mScanning dependencies of target std_msgs_generate_messages_py[0m
[35m[1mScanning dependencies of target std_msgs_generate_messages_lisp[0m
[  2%] Built target std_msgs_generate_messages_py
[  2%] Built target std_msgs_generate_messages_lisp
[35m[1mScanning dependencies of target std_msgs_generate_messages_eus[0m
[35m[1mScanning dependencies of target roscpp_tutorials_generate_messages_cpp[0m
[35m[1mScanning dependencies of target std_msgs_generate_messages_nodejs[0m
[35m[1mScanning dependencies of target roscpp_tutorials_generate_messages_py[0m
[  2%] Built target std_msgs_generate_messages_eus
[  2%] Built target std_msgs_generate_messages_nodejs
[  4%] [34m[1mGenerating C++ code from roscpp_tutorials/TwoInts.srv[0m
[  6%] [34m[1mGenerating Python code from SRV roscpp_tutorials/TwoInts[0m
[35m[1mScanning dependencies of target roscpp_tutorials_generate_messages_lisp[0m
[35m[1mScanning dependencies of target roscpp_tutorials_generate_messages_eus[0m
[  8%] [34m[1mGenerating EusLisp code from roscpp_tutorials/TwoInts.srv[0m
[ 10%] [34m[1mGenerating Lisp code from roscpp_tutorials/TwoInts.srv[0m
[ 10%] Built target roscpp_tutorials_generate_messages_lisp
[35m[1mScanning dependencies of target roscpp_tutorials_generate_messages_nodejs[0m
[ 12%] [34m[1mGenerating EusLisp manifest code for roscpp_tutorials[0m
[ 14%] [34m[1mGenerating Javascript code from roscpp_tutorials/TwoInts.srv[0m
[ 17%] [34m[1mGenerating Python srv __init__.py for roscpp_tutorials[0m
[ 17%] Built target roscpp_tutorials_generate_messages_nodejs
[ 17%] Built target roscpp_tutorials_generate_messages_py
[ 17%] Built target roscpp_tutorials_generate_messages_cpp
[35m[1mScanning dependencies of target roscpp_tutorials_gencpp[0m
[ 17%] Built target roscpp_tutorials_gencpp
[35m[1mScanning dependencies of target node_handle_namespaces[0m
[35m[1mScanning dependencies of target custom_callback_processing[0m
[35m[1mScanning dependencies of target listener_async_spin[0m
[35m[1mScanning dependencies of target timers[0m
[35m[1mScanning dependencies of target listener_class[0m
[ 19%] [32mBuilding CXX object CMakeFiles/custom_callback_processing.dir/custom_callback_processing/custom_callback_processing.cpp.o[0m
[ 21%] [32mBuilding CXX object CMakeFiles/listener_class.dir/listener_class/listener_class.cpp.o[0m
[ 23%] [32mBuilding CXX object CMakeFiles/node_handle_namespaces.dir/node_handle_namespaces/node_handle_namespaces.cpp.o[0m
[ 25%] [32mBuilding CXX object CMakeFiles/listener_async_spin.dir/listener_async_spin/listener_async_spin.cpp.o[0m
[ 27%] [32mBuilding CXX object CMakeFiles/timers.dir/timers/timers.cpp.o[0m
[ 29%] [32m[1mLinking CXX executable /home/sai/tb3_ws_sai/devel/.private/roscpp_tutorials/lib/roscpp_tutorials/time_api_sleep[0m
[ 29%] Built target roscpp_tutorials_generate_messages_eus
[35m[1mScanning dependencies of target listener_threaded_spin[0m
[ 29%] Built target time_api_sleep
[ 31%] [32mBuilding CXX object CMakeFiles/listener_threaded_spin.dir/listener_threaded_spin/listener_threaded_spin.cpp.o[0m
[35m[1mScanning dependencies of target listener_multiple[0m
[ 34%] [32mBuilding CXX object CMakeFiles/listener_multiple.dir/listener_multiple/listener_multiple.cpp.o[0m
[35m[1mScanning dependencies of target listener_with_userdata[0m
[ 36%] [32mBuilding CXX object CMakeFiles/listener_with_userdata.dir/listener_with_userdata/listener_with_userdata.cpp.o[0m
[ 38%] [32m[1mLinking CXX executable /home/sai/tb3_ws_sai/devel/.private/roscpp_tutorials/lib/roscpp_tutorials/node_handle_namespaces[0m
[ 40%] [32m[1mLinking CXX executable /home/sai/tb3_ws_sai/devel/.private/roscpp_tutorials/lib/roscpp_tutorials/timers[0m
[ 40%] Built target node_handle_namespaces
[35m[1mScanning dependencies of target anonymous_listener[0m
[ 40%] Built target timers
[ 42%] [32mBuilding CXX object CMakeFiles/anonymous_listener.dir/anonymous_listener/anonymous_listener.cpp.o[0m
[35m[1mScanning dependencies of target add_two_ints_server_class[0m
[ 44%] [32mBuilding CXX object CMakeFiles/add_two_ints_server_class.dir/add_two_ints_server_class/add_two_ints_server_class.cpp.o[0m
[ 46%] [32m[1mLinking CXX executable /home/sai/tb3_ws_sai/devel/.private/roscpp_tutorials/lib/roscpp_tutorials/listener_class[0m
[ 46%] Built target listener_class
[35m[1mScanning dependencies of target add_two_ints_client[0m
[ 48%] [32mBuilding CXX object CMakeFiles/add_two_ints_client.dir/add_two_ints_client/add_two_ints_client.cpp.o[0m
[ 51%] [32m[1mLinking CXX executable /home/sai/tb3_ws_sai/devel/.private/roscpp_tutorials/lib/roscpp_tutorials/listener_multiple[0m
[ 53%] [32m[1mLinking CXX executable /home/sai/tb3_ws_sai/devel/.private/roscpp_tutorials/lib/roscpp_tutorials/listener_with_userdata[0m
[ 53%] Built target listener_multiple
[35m[1mScanning dependencies of target babbler[0m
[ 55%] [32mBuilding CXX object CMakeFiles/babbler.dir/babbler/babbler.cpp.o[0m
[ 55%] Built target listener_with_userdata
[35m[1mScanning dependencies of target parameters[0m
[ 57%] [32mBuilding CXX object CMakeFiles/parameters.dir/parameters/parameters.cpp.o[0m
[ 59%] [32m[1mLinking CXX executable /home/sai/tb3_ws_sai/devel/.private/roscpp_tutorials/lib/roscpp_tutorials/listener_async_spin[0m
[ 61%] [32m[1mLinking CXX executable /home/sai/tb3_ws_sai/devel/.private/roscpp_tutorials/lib/roscpp_tutorials/custom_callback_processing[0m
[ 61%] Built target listener_async_spin
[35m[1mScanning dependencies of target add_two_ints_server[0m
[ 63%] [32mBuilding CXX object CMakeFiles/add_two_ints_server.dir/add_two_ints_server/add_two_ints_server.cpp.o[0m
[ 63%] Built target custom_callback_processing
[35m[1mScanning dependencies of target roscpp_tutorials_generate_messages[0m
[ 63%] Built target roscpp_tutorials_generate_messages
[35m[1mScanning dependencies of target listener_with_tracked_object[0m
[ 65%] [32mBuilding CXX object CMakeFiles/listener_with_tracked_object.dir/listener_with_tracked_object/listener_with_tracked_object.cpp.o[0m
[ 68%] [32m[1mLinking CXX executable /home/sai/tb3_ws_sai/devel/.private/roscpp_tutorials/lib/roscpp_tutorials/listener_threaded_spin[0m
[ 68%] Built target listener_threaded_spin
[35m[1mScanning dependencies of target listener_unreliable[0m
[ 70%] [32m[1mLinking CXX executable /home/sai/tb3_ws_sai/devel/.private/roscpp_tutorials/lib/roscpp_tutorials/add_two_ints_server_class[0m
[ 72%] [32mBuilding CXX object CMakeFiles/listener_unreliable.dir/listener_unreliable/listener_unreliable.cpp.o[0m
[ 74%] [32m[1mLinking CXX executable /home/sai/tb3_ws_sai/devel/.private/roscpp_tutorials/lib/roscpp_tutorials/anonymous_listener[0m
[ 76%] [32m[1mLinking CXX executable /home/sai/tb3_ws_sai/devel/.private/roscpp_tutorials/lib/roscpp_tutorials/add_two_ints_client[0m
[ 76%] Built target add_two_ints_server_class
[35m[1mScanning dependencies of target listener[0m
[ 78%] [32mBuilding CXX object CMakeFiles/listener.dir/listener/listener.cpp.o[0m
[ 78%] Built target anonymous_listener
[35m[1mScanning dependencies of target notify_connect[0m
[ 78%] Built target add_two_ints_client
[ 80%] [32mBuilding CXX object CMakeFiles/notify_connect.dir/notify_connect/notify_connect.cpp.o[0m
[35m[1mScanning dependencies of target talker[0m
[ 82%] [32mBuilding CXX object CMakeFiles/talker.dir/talker/talker.cpp.o[0m
[ 85%] [32m[1mLinking CXX executable /home/sai/tb3_ws_sai/devel/.private/roscpp_tutorials/lib/roscpp_tutorials/parameters[0m
[ 87%] [32m[1mLinking CXX executable /home/sai/tb3_ws_sai/devel/.private/roscpp_tutorials/lib/roscpp_tutorials/babbler[0m
[ 87%] Built target parameters
[ 87%] Built target babbler
[ 89%] [32m[1mLinking CXX executable /home/sai/tb3_ws_sai/devel/.private/roscpp_tutorials/lib/roscpp_tutorials/add_two_ints_server[0m
[ 91%] [32m[1mLinking CXX executable /home/sai/tb3_ws_sai/devel/.private/roscpp_tutorials/lib/roscpp_tutorials/listener_with_tracked_object[0m
[ 91%] Built target add_two_ints_server
[ 91%] Built target listener_with_tracked_object
[ 93%] [32m[1mLinking CXX executable /home/sai/tb3_ws_sai/devel/.private/roscpp_tutorials/lib/roscpp_tutorials/notify_connect[0m
[ 93%] Built target notify_connect
[ 95%] [32m[1mLinking CXX executable /home/sai/tb3_ws_sai/devel/.private/roscpp_tutorials/lib/roscpp_tutorials/talker[0m
[ 97%] [32m[1mLinking CXX executable /home/sai/tb3_ws_sai/devel/.private/roscpp_tutorials/lib/roscpp_tutorials/listener_unreliable[0m
[ 97%] Built target talker
[ 97%] Built target listener_unreliable
[100%] [32m[1mLinking CXX executable /home/sai/tb3_ws_sai/devel/.private/roscpp_tutorials/lib/roscpp_tutorials/listener[0m
[100%] Built target listener
