[  0%] Built target std_msgs_generate_messages_cpp
[  0%] Built target _roscpp_tutorials_generate_messages_check_deps_TwoInts
[  4%] Built target time_api_sleep
[  4%] Built target std_msgs_generate_messages_py
[  4%] Built target std_msgs_generate_messages_nodejs
[  4%] Built target std_msgs_generate_messages_lisp
[  4%] Built target std_msgs_generate_messages_eus
[  6%] Built target roscpp_tutorials_generate_messages_cpp
[ 10%] Built target roscpp_tutorials_generate_messages_py
[ 12%] Built target roscpp_tutorials_generate_messages_lisp
[ 14%] Built target roscpp_tutorials_generate_messages_nodejs
[ 19%] Built target roscpp_tutorials_generate_messages_eus
[ 19%] Built target roscpp_tutorials_gencpp
[ 19%] Built target roscpp_tutorials_generate_messages
[ 23%] Built target listener_with_tracked_object
[ 27%] Built target listener_unreliable
[ 31%] Built target listener
[ 36%] Built target notify_connect
[ 40%] Built target talker
[ 44%] Built target timers
[ 48%] Built target custom_callback_processing
[ 53%] Built target node_handle_namespaces
[ 57%] Built target listener_async_spin
[ 61%] Built target listener_class
[ 65%] Built target listener_multiple
[ 70%] Built target listener_threaded_spin
[ 74%] Built target add_two_ints_server_class
[ 78%] Built target anonymous_listener
[ 82%] Built target listener_with_userdata
[ 87%] Built target add_two_ints_client
[ 91%] Built target babbler
[ 95%] Built target parameters
[100%] Built target add_two_ints_server
